2017-10-04 14:50:35,512 [Worker-4] INFO  c.g.t.t.d.PublishedGradleVersions - Gradle version information cache is out-of-date. Trying to update.
2017-10-04 14:51:34,177 [Worker-11] INFO  o.e.m.c.i.l.LifecycleMappingFactory - Using org.maven.ide.eclipse.wtp.WarLifecycleMapping lifecycle mapping for MavenProject: org.kypnicholas.practice:simpleMessenger:0.0.1-SNAPSHOT @ C:\Users\nkypr\Documents\WORK\technologies\JAVA\J2EE\code\simpleMessenger\pom.xml.
2017-10-04 14:51:34,615 [Worker-4] INFO  o.e.m.c.i.l.LifecycleMappingFactory - Using org.maven.ide.eclipse.wtp.WarLifecycleMapping lifecycle mapping for MavenProject: org.kypnicholas.practice:simpleMessenger:0.0.1-SNAPSHOT @ C:\Users\nkypr\Documents\WORK\technologies\JAVA\J2EE\code\simpleMessenger\pom.xml.
2017-10-04 14:51:36,218 [Worker-4] INFO  o.e.m.c.i.embedder.EclipseLogger - Using 'UTF-8' encoding to copy filtered resources.
2017-10-04 14:51:36,224 [Worker-4] INFO  o.e.m.c.i.embedder.EclipseLogger - Copying 0 resource
2017-10-04 14:51:36,228 [Worker-4] INFO  o.e.m.c.i.embedder.EclipseLogger - Using 'UTF-8' encoding to copy filtered resources.
2017-10-04 14:51:36,228 [Worker-4] INFO  o.e.m.c.i.embedder.EclipseLogger - skip non existing resourceDirectory C:\Users\nkypr\Documents\WORK\technologies\JAVA\J2EE\code\simpleMessenger\src\test\resources
2017-10-04 14:51:38,118 [Worker-11] INFO  o.e.m.c.i.embedder.EclipseLogger - Using 'UTF-8' encoding to copy filtered resources.
2017-10-04 14:51:38,122 [Worker-11] INFO  o.e.m.c.i.embedder.EclipseLogger - Copying 0 resource
2017-10-04 14:51:38,350 [Worker-11] INFO  o.e.m.c.i.embedder.EclipseLogger - Using 'UTF-8' encoding to copy filtered resources.
2017-10-04 14:51:38,350 [Worker-11] INFO  o.e.m.c.i.embedder.EclipseLogger - skip non existing resourceDirectory C:\Users\nkypr\Documents\WORK\technologies\JAVA\J2EE\code\simpleMessenger\src\test\resources
2017-10-04 14:51:38,353 [Worker-15] INFO  o.e.m.c.i.l.LifecycleMappingFactory - Using org.maven.ide.eclipse.wtp.WarLifecycleMapping lifecycle mapping for MavenProject: org.kypnicholas.practice:simpleMessenger:0.0.1-SNAPSHOT @ C:\Users\nkypr\Documents\WORK\technologies\JAVA\J2EE\code\simpleMessenger\pom.xml.
2017-10-04 14:51:40,725 [Worker-11] INFO  o.e.m.c.i.embedder.EclipseLogger - Using 'UTF-8' encoding to copy filtered resources.
2017-10-04 14:51:40,726 [Worker-11] INFO  o.e.m.c.i.embedder.EclipseLogger - Copying 0 resource
2017-10-04 14:51:40,727 [Worker-11] INFO  o.e.m.c.i.embedder.EclipseLogger - Using 'UTF-8' encoding to copy filtered resources.
2017-10-04 14:51:40,728 [Worker-11] INFO  o.e.m.c.i.embedder.EclipseLogger - skip non existing resourceDirectory C:\Users\nkypr\Documents\WORK\technologies\JAVA\J2EE\code\simpleMessenger\src\test\resources
2017-10-04 14:54:11,636 [Worker-8] INFO  o.e.m.c.i.embedder.EclipseLogger - Using 'UTF-8' encoding to copy filtered resources.
2017-10-04 14:54:11,637 [Worker-8] INFO  o.e.m.c.i.embedder.EclipseLogger - Copying 0 resource
2017-10-04 14:54:11,639 [Worker-8] INFO  o.e.m.c.i.embedder.EclipseLogger - Using 'UTF-8' encoding to copy filtered resources.
2017-10-04 14:54:11,639 [Worker-8] INFO  o.e.m.c.i.embedder.EclipseLogger - skip non existing resourceDirectory C:\Users\nkypr\Documents\WORK\technologies\JAVA\J2EE\code\simpleMessenger\src\test\resources
2017-10-05 10:30:30,286 [Worker-5] INFO  c.g.t.t.d.PublishedGradleVersions - Gradle version information cache is up-to-date. Trying to read.
2017-10-05 10:30:49,303 [Worker-14] INFO  o.e.m.c.i.embedder.EclipseLogger - Using 'UTF-8' encoding to copy filtered resources.
2017-10-05 10:30:49,314 [Worker-14] INFO  o.e.m.c.i.embedder.EclipseLogger - Copying 0 resource
2017-10-05 10:30:49,318 [Worker-14] INFO  o.e.m.c.i.embedder.EclipseLogger - Using 'UTF-8' encoding to copy filtered resources.
2017-10-05 10:30:49,319 [Worker-14] INFO  o.e.m.c.i.embedder.EclipseLogger - skip non existing resourceDirectory C:\Users\nkypr\Documents\WORK\technologies\JAVA\J2EE\code\simpleMessenger\src\test\resources
2017-10-20 10:30:18,690 [Worker-5] INFO  c.g.t.t.d.PublishedGradleVersions - Gradle version information cache is out-of-date. Trying to update.
2017-10-20 10:30:44,904 [Worker-1] INFO  o.e.m.c.i.embedder.EclipseLogger - Using 'UTF-8' encoding to copy filtered resources.
2017-10-20 10:30:44,923 [Worker-1] INFO  o.e.m.c.i.embedder.EclipseLogger - Copying 0 resource
2017-10-20 10:30:44,929 [Worker-1] INFO  o.e.m.c.i.embedder.EclipseLogger - Using 'UTF-8' encoding to copy filtered resources.
2017-10-20 10:30:44,930 [Worker-1] INFO  o.e.m.c.i.embedder.EclipseLogger - skip non existing resourceDirectory C:\Users\nkypr\Documents\WORK\technologies\JAVA\J2EE\code\simpleMessenger\src\test\resources
2017-10-25 14:08:50,780 [Worker-6] INFO  c.g.t.t.d.PublishedGradleVersions - Gradle version information cache is up-to-date. Trying to read.
2017-10-25 14:09:02,459 [Worker-6] INFO  o.e.m.c.i.embedder.EclipseLogger - Using 'UTF-8' encoding to copy filtered resources.
2017-10-25 14:09:02,467 [Worker-6] INFO  o.e.m.c.i.embedder.EclipseLogger - Copying 0 resource
2017-10-25 14:09:02,472 [Worker-6] INFO  o.e.m.c.i.embedder.EclipseLogger - Using 'UTF-8' encoding to copy filtered resources.
2017-10-25 14:09:02,472 [Worker-6] INFO  o.e.m.c.i.embedder.EclipseLogger - skip non existing resourceDirectory C:\Users\nkypr\Documents\WORK\technologies\JAVA\J2EE\code\simpleMessenger\src\test\resources
